west
north
take jam
north
take astronaut ice cream
north
east
south
take space law space brochure
north
west
south
south
inv
east
south
take asterisk
south
take klein bottle
east
take spool of cat6
west
north
east
west
north
west
south
east
south
east
take space heater
west
west
take shell
east
north
west
south
west
inv
south
drop spool of cat6
south
take spool of cat6
drop space law space brochure
south
drop spool of cat6
south
take spool of cat6
take space law space brochure
drop asterisk
south
drop spool of cat6
south
take spool of cat6
drop space law space brochure
south
drop spool of cat6
south
take spool of cat6
take space law space brochure
take asterisk
drop jam
south
drop spool of cat6
south
take spool of cat6
drop space law space brochure
south
drop spool of cat6
south
take spool of cat6
take space law space brochure
drop asterisk
south
drop spool of cat6
south
take spool of cat6
drop space law space brochure
south
drop spool of cat6
south
take spool of cat6
take space law space brochure
take asterisk
take jam
drop shell
south
drop spool of cat6
south
take spool of cat6
drop space law space brochure
south
drop spool of cat6
south
take spool of cat6
take space law space brochure
drop asterisk
south
drop spool of cat6
south
take spool of cat6
drop space law space brochure
south
drop spool of cat6
south
take spool of cat6
take space law space brochure
take asterisk
drop jam
south
drop spool of cat6
south
take spool of cat6
drop space law space brochure
south
drop spool of cat6
south
south

